TN:
SF:src/App.tsx
FN:16,(anonymous_0)
FN:16,(anonymous_1)
FN:17,(anonymous_2)
FN:18,(anonymous_3)
FN:19,(anonymous_4)
FN:22,App
FN:47,(anonymous_6)
FN:50,(anonymous_7)
FN:54,(anonymous_8)
FN:59,(anonymous_9)
FN:105,(anonymous_10)
FN:121,(anonymous_11)
FN:131,(anonymous_12)
FN:149,(anonymous_13)
FN:161,(anonymous_14)
FN:183,(anonymous_15)
FNF:16
FNH:0
FNDA:0,(anonymous_0)
FNDA:0,(anonymous_1)
FNDA:0,(anonymous_2)
FNDA:0,(anonymous_3)
FNDA:0,(anonymous_4)
FNDA:0,App
FNDA:0,(anonymous_6)
FNDA:0,(anonymous_7)
FNDA:0,(anonymous_8)
FNDA:0,(anonymous_9)
FNDA:0,(anonymous_10)
FNDA:0,(anonymous_11)
FNDA:0,(anonymous_12)
FNDA:0,(anonymous_13)
FNDA:0,(anonymous_14)
FNDA:0,(anonymous_15)
DA:16,0
DA:17,0
DA:18,0
DA:19,0
DA:23,0
DA:24,0
DA:25,0
DA:26,0
DA:27,0
DA:28,0
DA:29,0
DA:44,0
DA:47,0
DA:48,0
DA:49,0
DA:50,0
DA:54,0
DA:55,0
DA:56,0
DA:59,0
DA:60,0
DA:61,0
DA:62,0
DA:65,0
DA:66,0
DA:92,0
DA:93,0
DA:105,0
DA:115,0
DA:117,0
DA:118,0
DA:119,0
DA:121,0
DA:122,0
DA:123,0
DA:126,0
DA:127,0
DA:131,0
DA:137,0
DA:150,0
DA:151,0
DA:161,0
DA:183,0
LF:43
LH:0
BRDA:44,0,0,0
BRDA:44,0,1,0
BRDA:44,0,2,0
BRDA:48,1,0,0
BRDA:48,1,1,0
BRDA:65,2,0,0
BRDA:65,2,1,0
BRDA:77,3,0,0
BRDA:77,3,1,0
BRDA:92,4,0,0
BRDA:92,4,1,0
BRDA:115,5,0,0
BRDA:115,5,1,0
BRDA:117,6,0,0
BRDA:117,6,1,0
BRDA:117,6,2,0
BRDA:117,6,3,0
BRDA:118,7,0,0
BRDA:118,7,1,0
BRDA:118,7,2,0
BRDA:118,7,3,0
BRDA:119,8,0,0
BRDA:119,8,1,0
BRDA:126,9,0,0
BRDA:126,9,1,0
BRDA:143,10,0,0
BRDA:143,10,1,0
BRDA:146,11,0,0
BRDA:146,11,1,0
BRDA:155,12,0,0
BRDA:155,12,1,0
BRDA:157,13,0,0
BRDA:157,13,1,0
BRDA:161,14,0,0
BRDA:161,14,1,0
BRDA:165,15,0,0
BRDA:165,15,1,0
BRDA:172,16,0,0
BRDA:172,16,1,0
BRF:39
BRH:0
end_of_record
TN:
SF:src/components/AgeGate.tsx
FN:20,AgeGate
FN:25,(anonymous_1)
FN:66,(anonymous_2)
FNF:3
FNH:0
FNDA:0,AgeGate
FNDA:0,(anonymous_1)
FNDA:0,(anonymous_2)
DA:21,0
DA:22,0
DA:23,0
DA:25,0
DA:26,0
DA:27,0
DA:28,0
DA:30,0
DA:31,0
DA:32,0
DA:34,0
DA:36,0
DA:42,0
DA:43,0
DA:45,0
DA:66,0
LF:16
LH:0
BRDA:76,0,0,0
BRDA:76,0,1,0
BRDA:86,1,0,0
BRDA:86,1,1,0
BRDA:89,2,0,0
BRDA:89,2,1,0
BRF:6
BRH:0
end_of_record
TN:
SF:src/components/CardSkeleton.tsx
FN:5,CardSkeleton
FNF:1
FNH:0
FNDA:0,CardSkeleton
DA:6,0
LF:1
LH:0
BRF:0
BRH:0
end_of_record
TN:
SF:src/components/Chat.tsx
FN:17,Chat
FN:26,(anonymous_1)
FN:37,(anonymous_2)
FN:38,(anonymous_3)
FN:43,(anonymous_4)
FN:48,(anonymous_5)
FN:116,(anonymous_6)
FN:154,(anonymous_7)
FN:215,(anonymous_8)
FN:223,(anonymous_9)
FN:244,(anonymous_10)
FN:252,EmptyThread
FNF:12
FNH:0
FNDA:0,Chat
FNDA:0,(anonymous_1)
FNDA:0,(anonymous_2)
FNDA:0,(anonymous_3)
FNDA:0,(anonymous_4)
FNDA:0,(anonymous_5)
FNDA:0,(anonymous_6)
FNDA:0,(anonymous_7)
FNDA:0,(anonymous_8)
FNDA:0,(anonymous_9)
FNDA:0,(anonymous_10)
FNDA:0,EmptyThread
DA:18,0
DA:20,0
DA:21,0
DA:22,0
DA:23,0
DA:26,0
DA:27,0
DA:28,0
DA:35,0
DA:37,0
DA:38,0
DA:39,0
DA:43,0
DA:44,0
DA:45,0
DA:46,0
DA:47,0
DA:48,0
DA:51,0
DA:116,0
DA:155,0
DA:156,0
DA:170,0
DA:171,0
DA:181,0
DA:182,0
DA:184,0
DA:216,0
DA:217,0
DA:223,0
DA:244,0
DA:253,0
LF:32
LH:0
BRDA:27,0,0,0
BRDA:27,0,1,0
BRDA:39,1,0,0
BRDA:39,1,1,0
BRDA:47,2,0,0
BRDA:47,2,1,0
BRDA:53,3,0,0
BRDA:53,3,1,0
BRDA:70,4,0,0
BRDA:70,4,1,0
BRDA:75,5,0,0
BRDA:75,5,1,0
BRDA:78,6,0,0
BRDA:78,6,1,0
BRDA:80,7,0,0
BRDA:80,7,1,0
BRDA:87,8,0,0
BRDA:87,8,1,0
BRDA:89,9,0,0
BRDA:89,9,1,0
BRDA:94,10,0,0
BRDA:94,10,1,0
BRDA:97,11,0,0
BRDA:97,11,1,0
BRDA:148,12,0,0
BRDA:148,12,1,0
BRDA:151,13,0,0
BRDA:151,13,1,0
BRDA:155,14,0,0
BRDA:155,14,1,0
BRDA:170,15,0,0
BRDA:170,15,1,0
BRDA:182,16,0,0
BRDA:182,16,1,0
BRDA:188,17,0,0
BRDA:188,17,1,0
BRDA:191,18,0,0
BRDA:191,18,1,0
BRDA:198,19,0,0
BRDA:198,19,1,0
BRDA:201,20,0,0
BRDA:201,20,1,0
BRDA:217,21,0,0
BRDA:217,21,1,0
BRDA:217,22,0,0
BRDA:217,22,1,0
BRDA:224,23,0,0
BRDA:224,23,1,0
BRDA:234,24,0,0
BRDA:234,24,1,0
BRDA:256,25,0,0
BRDA:256,25,1,0
BRDA:264,26,0,0
BRDA:264,26,1,0
BRDA:265,27,0,0
BRDA:265,27,1,0
BRDA:269,28,0,0
BRDA:269,28,1,0
BRF:58
BRH:0
end_of_record
TN:
SF:src/components/ChatBubble.tsx
FN:16,ChatBubble
FNF:1
FNH:0
FNDA:0,ChatBubble
DA:17,0
DA:19,0
LF:2
LH:0
BRDA:16,0,0,0
BRDA:20,1,0,0
BRDA:20,1,1,0
BRDA:24,2,0,0
BRDA:24,2,1,0
BRDA:27,3,0,0
BRDA:27,3,1,0
BRDA:27,4,0,0
BRDA:27,4,1,0
BRF:9
BRH:0
end_of_record
TN:
SF:src/components/ErrorBoundary.tsx
FN:27,getDerivedStateFromError
FN:31,componentDidCatch
FN:37,render
FN:52,(anonymous_3)
FNF:4
FNH:0
FNDA:0,getDerivedStateFromError
FNDA:0,componentDidCatch
FNDA:0,render
FNDA:0,(anonymous_3)
DA:25,0
DA:28,0
DA:34,0
DA:38,0
DA:40,0
DA:52,0
LF:6
LH:0
BRDA:38,0,0,0
BRDA:38,0,1,0
BRF:2
BRH:0
end_of_record
TN:
SF:src/components/HomeCard.tsx
FN:20,HomeCard
FN:93,WaitingElapsed
FN:96,(anonymous_2)
FN:99,(anonymous_3)
FN:102,(anonymous_4)
FNF:5
FNH:0
FNDA:0,HomeCard
FNDA:0,WaitingElapsed
FNDA:0,(anonymous_2)
FNDA:0,(anonymous_3)
FNDA:0,(anonymous_4)
DA:14,0
DA:21,0
DA:22,0
DA:23,0
DA:27,0
DA:31,0
DA:94,0
DA:96,0
DA:97,0
DA:98,0
DA:99,0
DA:102,0
DA:105,0
DA:106,0
DA:108,0
LF:15
LH:0
BRDA:23,0,0,0
BRDA:23,0,1,0
BRDA:23,1,0,0
BRDA:23,1,1,0
BRDA:27,2,0,0
BRDA:27,2,1,0
BRDA:27,2,2,0
BRDA:34,3,0,0
BRDA:34,3,1,0
BRDA:41,4,0,0
BRDA:41,4,1,0
BRDA:46,5,0,0
BRDA:46,5,1,0
BRDA:46,6,0,0
BRDA:46,6,1,0
BRDA:49,7,0,0
BRDA:49,7,1,0
BRDA:51,8,0,0
BRDA:51,8,1,0
BRDA:57,9,0,0
BRDA:57,9,1,0
BRF:21
BRH:0
end_of_record
TN:
SF:src/components/LandingPage.tsx
FN:10,LandingPage
FN:23,Hero
FN:64,ChatPreview
FN:123,HowItWorks
FN:136,(anonymous_4)
FN:156,Privacy
FN:231,ClosingCta
FN:247,Footer
FNF:8
FNH:0
FNDA:0,LandingPage
FNDA:0,Hero
FNDA:0,ChatPreview
FNDA:0,HowItWorks
FNDA:0,(anonymous_4)
FNDA:0,Privacy
FNDA:0,ClosingCta
FNDA:0,Footer
DA:11,0
DA:24,0
DA:65,0
DA:107,0
DA:124,0
DA:137,0
DA:157,0
DA:232,0
DA:248,0
LF:9
LH:0
BRF:0
BRH:0
end_of_record
TN:
SF:src/components/Navbar.tsx
FN:11,Navbar
FNF:1
FNH:0
FNDA:0,Navbar
DA:12,0
DA:13,0
DA:15,0
DA:19,0
DA:20,0
DA:21,0
DA:22,0
DA:24,0
LF:8
LH:0
BRDA:15,0,0,0
BRDA:15,0,1,0
BRDA:19,1,0,0
BRDA:19,1,1,0
BRDA:20,2,0,0
BRDA:20,2,1,0
BRDA:21,3,0,0
BRDA:21,3,1,0
BRDA:22,4,0,0
BRDA:22,4,1,0
BRDA:40,5,0,0
BRDA:40,5,1,0
BRDA:40,5,2,0
BRDA:43,6,0,0
BRDA:43,6,1,0
BRDA:48,7,0,0
BRDA:48,7,1,0
BRDA:57,8,0,0
BRDA:57,8,1,0
BRDA:57,8,2,0
BRDA:63,9,0,0
BRDA:63,9,1,0
BRDA:63,9,2,0
BRDA:65,10,0,0
BRDA:65,10,1,0
BRDA:67,11,0,0
BRDA:67,11,1,0
BRF:27
BRH:0
end_of_record
TN:
SF:src/components/OnboardingSteps.tsx
FN:10,OnboardingSteps
FN:16,(anonymous_1)
FNF:2
FNH:0
FNDA:0,OnboardingSteps
FNDA:0,(anonymous_1)
DA:4,0
DA:11,0
DA:17,0
DA:18,0
DA:20,0
LF:5
LH:0
BRDA:27,0,0,0
BRDA:27,0,1,0
BRDA:27,1,0,0
BRDA:27,1,1,0
BRDA:34,2,0,0
BRDA:34,2,1,0
BRDA:37,3,0,0
BRDA:37,3,1,0
BRDA:39,4,0,0
BRDA:39,4,1,0
BRF:10
BRH:0
end_of_record
TN:
SF:src/components/ProfileSetup.tsx
FN:28,ProfileSetup
FN:47,(anonymous_1)
FN:93,(anonymous_2)
FN:115,(anonymous_3)
FN:141,(anonymous_4)
FN:152,(anonymous_5)
FNF:6
FNH:0
FNDA:0,ProfileSetup
FNDA:0,(anonymous_1)
FNDA:0,(anonymous_2)
FNDA:0,(anonymous_3)
FNDA:0,(anonymous_4)
FNDA:0,(anonymous_5)
DA:20,0
DA:22,0
DA:29,0
DA:30,0
DA:31,0
DA:32,0
DA:33,0
DA:34,0
DA:39,0
DA:40,0
DA:41,0
DA:45,0
DA:47,0
DA:48,0
DA:49,0
DA:51,0
DA:52,0
DA:53,0
DA:56,0
DA:58,0
DA:59,0
DA:66,0
DA:68,0
DA:69,0
DA:71,0
DA:75,0
DA:93,0
DA:115,0
DA:142,0
DA:143,0
DA:145,0
DA:152,0
LF:32
LH:0
BRDA:30,0,0,0
BRDA:30,0,1,0
BRDA:30,1,0,0
BRDA:30,1,1,0
BRDA:31,2,0,0
BRDA:31,2,1,0
BRDA:32,3,0,0
BRDA:32,3,1,0
BRDA:39,4,0,0
BRDA:39,4,1,0
BRDA:40,5,0,0
BRDA:40,5,1,0
BRDA:41,6,0,0
BRDA:41,6,1,0
BRDA:45,7,0,0
BRDA:45,7,1,0
BRDA:51,8,0,0
BRDA:51,8,1,0
BRDA:79,9,0,0
BRDA:79,9,1,0
BRDA:128,10,0,0
BRDA:128,10,1,0
BRDA:132,11,0,0
BRDA:132,11,1,0
BRDA:142,12,0,0
BRDA:142,12,1,0
BRDA:153,13,0,0
BRDA:153,13,1,0
BRDA:157,14,0,0
BRDA:157,14,1,0
BRDA:160,15,0,0
BRDA:160,15,1,0
BRDA:164,16,0,0
BRDA:164,16,1,0
BRDA:168,17,0,0
BRDA:168,17,1,0
BRDA:175,18,0,0
BRDA:175,18,1,0
BRDA:183,19,0,0
BRDA:183,19,1,0
BRDA:192,20,0,0
BRDA:192,20,1,0
BRDA:199,21,0,0
BRDA:199,21,1,0
BRDA:199,21,2,0
BRDA:202,22,0,0
BRDA:202,22,1,0
BRDA:202,23,0,0
BRDA:202,23,1,0
BRDA:203,24,0,0
BRDA:203,24,1,0
BRF:51
BRH:0
end_of_record
TN:
SF:src/components/ReportModal.tsx
FN:26,ReportModal
FN:49,(anonymous_1)
FN:54,(anonymous_2)
FN:71,(anonymous_3)
FN:92,(anonymous_4)
FNF:5
FNH:4
FNDA:63,ReportModal
FNDA:2,(anonymous_1)
FNDA:0,(anonymous_2)
FNDA:315,(anonymous_3)
FNDA:38,(anonymous_4)
DA:23,1
DA:24,1
DA:27,63
DA:28,63
DA:39,63
DA:41,63
DA:42,9
DA:43,9
DA:44,7
DA:45,7
DA:49,63
DA:50,2
DA:53,63
DA:54,0
DA:72,315
DA:92,38
LF:16
LH:15
BRDA:41,0,0,9
BRDA:41,0,1,54
BRDA:43,1,0,7
BRDA:43,1,1,2
BRDA:54,2,0,0
BRDA:54,2,1,0
BRF:6
BRH:4
end_of_record
TN:
SF:src/components/Toaster.tsx
FN:24,ToastProvider
FN:27,(anonymous_1)
FN:30,(anonymous_2)
FN:37,(anonymous_3)
FN:38,(anonymous_4)
FN:38,(anonymous_5)
FN:42,(anonymous_6)
FN:53,(anonymous_7)
FN:67,(anonymous_8)
FN:68,(anonymous_9)
FN:68,(anonymous_10)
FNF:11
FNH:0
FNDA:0,ToastProvider
FNDA:0,(anonymous_1)
FNDA:0,(anonymous_2)
FNDA:0,(anonymous_3)
FNDA:0,(anonymous_4)
FNDA:0,(anonymous_5)
FNDA:0,(anonymous_6)
FNDA:0,(anonymous_7)
FNDA:0,(anonymous_8)
FNDA:0,(anonymous_9)
FNDA:0,(anonymous_10)
DA:22,0
DA:25,0
DA:27,0
DA:28,0
DA:30,0
DA:33,0
DA:34,0
DA:37,0
DA:38,0
DA:42,0
DA:44,0
DA:54,0
DA:68,0
LF:13
LH:0
BRDA:27,0,0,0
BRDA:59,1,0,0
BRDA:59,1,1,0
BRF:3
BRH:0
end_of_record
TN:
SF:src/components/Verify.tsx
FN:16,Verify
FN:36,(anonymous_1)
FN:41,(anonymous_2)
FN:42,(anonymous_3)
FN:44,(anonymous_4)
FN:49,(anonymous_5)
FN:70,(anonymous_6)
FN:85,(anonymous_7)
FN:125,(anonymous_8)
FN:155,(anonymous_9)
FN:159,(anonymous_10)
FN:296,(anonymous_11)
FNF:12
FNH:0
FNDA:0,Verify
FNDA:0,(anonymous_1)
FNDA:0,(anonymous_2)
FNDA:0,(anonymous_3)
FNDA:0,(anonymous_4)
FNDA:0,(anonymous_5)
FNDA:0,(anonymous_6)
FNDA:0,(anonymous_7)
FNDA:0,(anonymous_8)
FNDA:0,(anonymous_9)
FNDA:0,(anonymous_10)
FNDA:0,(anonymous_11)
DA:17,0
DA:18,0
DA:19,0
DA:20,0
DA:21,0
DA:22,0
DA:23,0
DA:24,0
DA:29,0
DA:30,0
DA:36,0
DA:37,0
DA:41,0
DA:42,0
DA:43,0
DA:44,0
DA:49,0
DA:50,0
DA:52,0
DA:53,0
DA:54,0
DA:55,0
DA:58,0
DA:59,0
DA:63,0
DA:67,0
DA:68,0
DA:69,0
DA:70,0
DA:73,0
DA:79,0
DA:81,0
DA:85,0
DA:86,0
DA:88,0
DA:90,0
DA:91,0
DA:92,0
DA:94,0
DA:96,0
DA:98,0
DA:99,0
DA:100,0
DA:107,0
DA:108,0
DA:109,0
DA:110,0
DA:111,0
DA:113,0
DA:114,0
DA:115,0
DA:118,0
DA:119,0
DA:120,0
DA:122,0
DA:125,0
DA:126,0
DA:127,0
DA:129,0
DA:130,0
DA:134,0
DA:135,0
DA:137,0
DA:138,0
DA:142,0
DA:146,0
DA:151,0
DA:154,0
DA:155,0
DA:156,0
DA:159,0
DA:160,0
DA:163,0
DA:165,0
DA:170,0
DA:174,0
DA:296,0
LF:77
LH:0
BRDA:29,0,0,0
BRDA:29,0,1,0
BRDA:30,1,0,0
BRDA:30,1,1,0
BRDA:37,2,0,0
BRDA:37,2,1,0
BRDA:37,3,0,0
BRDA:37,3,1,0
BRDA:37,3,2,0
BRDA:43,4,0,0
BRDA:43,4,1,0
BRDA:52,5,0,0
BRDA:52,5,1,0
BRDA:52,6,0,0
BRDA:52,6,1,0
BRDA:68,7,0,0
BRDA:68,7,1,0
BRDA:86,8,0,0
BRDA:86,8,1,0
BRDA:86,9,0,0
BRDA:86,9,1,0
BRDA:88,10,0,0
BRDA:88,10,1,0
BRDA:94,11,0,0
BRDA:94,11,1,0
BRDA:98,12,0,0
BRDA:98,12,1,0
BRDA:113,13,0,0
BRDA:113,13,1,0
BRDA:113,14,0,0
BRDA:113,14,1,0
BRDA:137,15,0,0
BRDA:137,15,1,0
BRDA:154,16,0,0
BRDA:154,16,1,0
BRDA:194,17,0,0
BRDA:194,17,1,0
BRDA:199,18,0,0
BRDA:199,18,1,0
BRDA:199,18,2,0
BRDA:216,19,0,0
BRDA:216,19,1,0
BRDA:216,19,2,0
BRDA:220,20,0,0
BRDA:220,20,1,0
BRDA:224,21,0,0
BRDA:224,21,1,0
BRDA:224,21,2,0
BRDA:232,22,0,0
BRDA:232,22,1,0
BRDA:239,23,0,0
BRDA:239,23,1,0
BRDA:251,24,0,0
BRDA:251,24,1,0
BRDA:264,25,0,0
BRDA:264,25,1,0
BRDA:264,25,2,0
BRDA:275,26,0,0
BRDA:275,26,1,0
BRDA:279,27,0,0
BRDA:279,27,1,0
BRDA:286,28,0,0
BRDA:286,28,1,0
BRDA:286,28,2,0
BRDA:288,29,0,0
BRDA:288,29,1,0
BRDA:289,30,0,0
BRDA:289,30,1,0
BRDA:289,31,0,0
BRDA:289,31,1,0
BRDA:293,32,0,0
BRDA:293,32,1,0
BRDA:293,32,2,0
BRDA:297,33,0,0
BRDA:297,33,1,0
BRDA:298,34,0,0
BRDA:298,34,1,0
BRDA:301,35,0,0
BRDA:301,35,1,0
BRDA:303,36,0,0
BRDA:303,36,1,0
BRF:81
BRH:0
end_of_record
TN:
SF:src/components/mode-toggle.tsx
FN:6,ModeToggle
FN:13,(anonymous_1)
FNF:2
FNH:0
FNDA:0,ModeToggle
FNDA:0,(anonymous_1)
DA:7,0
DA:9,0
DA:13,0
LF:3
LH:0
BRDA:13,0,0,0
BRDA:13,0,1,0
BRF:2
BRH:0
end_of_record
TN:
SF:src/components/theme-provider.tsx
FN:5,ThemeProvider
FNF:1
FNH:0
FNDA:0,ThemeProvider
DA:6,0
LF:1
LH:0
BRF:0
BRH:0
end_of_record
TN:
SF:src/context/MatchContext.tsx
FN:25,(anonymous_0)
FN:33,(anonymous_1)
FN:46,(anonymous_2)
FN:52,(anonymous_3)
FN:58,(anonymous_4)
FN:68,(anonymous_5)
FN:78,(anonymous_6)
FN:82,(anonymous_7)
FN:87,(anonymous_8)
FN:96,(anonymous_9)
FN:101,(anonymous_10)
FN:106,(anonymous_11)
FN:111,(anonymous_12)
FN:117,(anonymous_13)
FN:127,(anonymous_14)
FN:141,(anonymous_15)
FN:162,(anonymous_16)
FNF:17
FNH:0
FNDA:0,(anonymous_0)
FNDA:0,(anonymous_1)
FNDA:0,(anonymous_2)
FNDA:0,(anonymous_3)
FNDA:0,(anonymous_4)
FNDA:0,(anonymous_5)
FNDA:0,(anonymous_6)
FNDA:0,(anonymous_7)
FNDA:0,(anonymous_8)
FNDA:0,(anonymous_9)
FNDA:0,(anonymous_10)
FNDA:0,(anonymous_11)
FNDA:0,(anonymous_12)
FNDA:0,(anonymous_13)
FNDA:0,(anonymous_14)
FNDA:0,(anonymous_15)
FNDA:0,(anonymous_16)
DA:23,0
DA:25,0
DA:26,0
DA:27,0
DA:28,0
DA:29,0
DA:30,0
DA:31,0
DA:33,0
DA:34,0
DA:37,0
DA:38,0
DA:40,0
DA:41,0
DA:42,0
DA:43,0
DA:46,0
DA:47,0
DA:48,0
DA:49,0
DA:52,0
DA:53,0
DA:54,0
DA:55,0
DA:58,0
DA:59,0
DA:60,0
DA:63,0
DA:64,0
DA:65,0
DA:68,0
DA:69,0
DA:70,0
DA:71,0
DA:72,0
DA:73,0
DA:75,0
DA:78,0
DA:79,0
DA:82,0
DA:83,0
DA:84,0
DA:87,0
DA:88,0
DA:89,0
DA:90,0
DA:91,0
DA:92,0
DA:96,0
DA:97,0
DA:98,0
DA:101,0
DA:102,0
DA:103,0
DA:106,0
DA:107,0
DA:108,0
DA:111,0
DA:112,0
DA:113,0
DA:117,0
DA:118,0
DA:119,0
DA:127,0
DA:128,0
DA:129,0
DA:132,0
DA:133,0
DA:134,0
DA:135,0
DA:136,0
DA:137,0
DA:138,0
DA:139,0
DA:141,0
DA:142,0
DA:143,0
DA:144,0
DA:145,0
DA:146,0
DA:147,0
DA:148,0
DA:149,0
DA:155,0
DA:162,0
DA:163,0
DA:164,0
DA:165,0
LF:88
LH:0
BRDA:34,0,0,0
BRDA:34,0,1,0
BRDA:34,1,0,0
BRDA:34,1,1,0
BRDA:53,2,0,0
BRDA:53,2,1,0
BRDA:59,3,0,0
BRDA:59,3,1,0
BRDA:69,4,0,0
BRDA:69,4,1,0
BRDA:70,5,0,0
BRDA:70,5,1,0
BRDA:72,6,0,0
BRDA:72,6,1,0
BRDA:79,7,0,0
BRDA:79,7,1,0
BRDA:164,8,0,0
BRDA:164,8,1,0
BRF:18
BRH:0
end_of_record
TN:
SF:src/context/SessionContext.tsx
FN:25,(anonymous_0)
FN:34,(anonymous_1)
FN:37,(anonymous_2)
FN:55,(anonymous_3)
FN:57,(anonymous_4)
FN:65,(anonymous_5)
FN:72,(anonymous_6)
FNF:7
FNH:7
FNDA:11,(anonymous_0)
FNDA:5,(anonymous_1)
FNDA:3,(anonymous_2)
FNDA:5,(anonymous_3)
FNDA:5,(anonymous_4)
FNDA:11,(anonymous_5)
FNDA:11,(anonymous_6)
DA:13,1
DA:23,1
DA:25,1
DA:26,11
DA:27,11
DA:28,11
DA:29,11
DA:34,11
DA:35,5
DA:36,5
DA:37,3
DA:41,5
DA:42,5
DA:44,1
DA:46,3
DA:47,3
DA:50,3
DA:51,3
DA:55,11
DA:56,5
DA:57,5
DA:58,5
DA:64,11
DA:65,11
DA:69,11
DA:72,1
DA:73,11
DA:74,11
DA:75,11
LF:29
LH:29
BRDA:35,0,0,0
BRDA:35,0,1,5
BRDA:46,1,0,3
BRDA:46,1,1,0
BRDA:58,2,0,2
BRDA:58,2,1,3
BRDA:74,3,0,0
BRDA:74,3,1,11
BRF:8
BRH:5
end_of_record
TN:
SF:src/context/SocketContext.tsx
FN:22,(anonymous_0)
FN:28,(anonymous_1)
FN:46,(anonymous_2)
FN:50,(anonymous_3)
FN:56,(anonymous_4)
FN:62,(anonymous_5)
FN:77,(anonymous_6)
FNF:7
FNH:0
FNDA:0,(anonymous_0)
FNDA:0,(anonymous_1)
FNDA:0,(anonymous_2)
FNDA:0,(anonymous_3)
FNDA:0,(anonymous_4)
FNDA:0,(anonymous_5)
FNDA:0,(anonymous_6)
DA:20,0
DA:22,0
DA:23,0
DA:24,0
DA:25,0
DA:26,0
DA:28,0
DA:29,0
DA:30,0
DA:36,0
DA:37,0
DA:44,0
DA:46,0
DA:47,0
DA:48,0
DA:50,0
DA:51,0
DA:52,0
DA:56,0
DA:58,0
DA:59,0
DA:60,0
DA:62,0
DA:63,0
DA:64,0
DA:65,0
DA:70,0
DA:77,0
DA:78,0
DA:79,0
DA:80,0
LF:31
LH:0
BRDA:30,0,0,0
BRDA:30,0,1,0
BRDA:30,1,0,0
BRDA:30,1,1,0
BRDA:36,2,0,0
BRDA:36,2,1,0
BRDA:79,3,0,0
BRDA:79,3,1,0
BRF:8
BRH:0
end_of_record
TN:
SF:src/hooks/useChatHook.ts
FN:5,useChat
FN:39,(anonymous_1)
FN:52,(anonymous_2)
FN:82,(anonymous_3)
FN:85,(anonymous_4)
FN:92,(anonymous_5)
FN:98,(anonymous_6)
FN:101,(anonymous_7)
FN:117,(anonymous_8)
FN:120,(anonymous_9)
FN:130,(anonymous_10)
FN:134,(anonymous_11)
FN:139,(anonymous_12)
FN:144,(anonymous_13)
FN:147,(anonymous_14)
FN:152,(anonymous_15)
FN:161,(anonymous_16)
FN:168,(anonymous_17)
FN:181,(anonymous_18)
FN:186,(anonymous_19)
FN:187,(anonymous_20)
FN:193,(anonymous_21)
FN:211,(anonymous_22)
FN:220,(anonymous_23)
FN:228,(anonymous_24)
FN:231,(anonymous_25)
FN:232,(anonymous_26)
FN:238,(anonymous_27)
FNF:28
FNH:0
FNDA:0,useChat
FNDA:0,(anonymous_1)
FNDA:0,(anonymous_2)
FNDA:0,(anonymous_3)
FNDA:0,(anonymous_4)
FNDA:0,(anonymous_5)
FNDA:0,(anonymous_6)
FNDA:0,(anonymous_7)
FNDA:0,(anonymous_8)
FNDA:0,(anonymous_9)
FNDA:0,(anonymous_10)
FNDA:0,(anonymous_11)
FNDA:0,(anonymous_12)
FNDA:0,(anonymous_13)
FNDA:0,(anonymous_14)
FNDA:0,(anonymous_15)
FNDA:0,(anonymous_16)
FNDA:0,(anonymous_17)
FNDA:0,(anonymous_18)
FNDA:0,(anonymous_19)
FNDA:0,(anonymous_20)
FNDA:0,(anonymous_21)
FNDA:0,(anonymous_22)
FNDA:0,(anonymous_23)
FNDA:0,(anonymous_24)
FNDA:0,(anonymous_25)
FNDA:0,(anonymous_26)
FNDA:0,(anonymous_27)
DA:6,0
DA:10,0
DA:13,0
DA:14,0
DA:15,0
DA:18,0
DA:19,0
DA:20,0
DA:21,0
DA:29,0
DA:31,0
DA:32,0
DA:33,0
DA:34,0
DA:35,0
DA:36,0
DA:39,0
DA:40,0
DA:43,0
DA:44,0
DA:46,0
DA:52,0
DA:53,0
DA:54,0
DA:55,0
DA:57,0
DA:58,0
DA:59,0
DA:61,0
DA:65,0
DA:66,0
DA:82,0
DA:83,0
DA:85,0
DA:86,0
DA:87,0
DA:90,0
DA:92,0
DA:93,0
DA:98,0
DA:99,0
DA:101,0
DA:102,0
DA:103,0
DA:104,0
DA:105,0
DA:106,0
DA:107,0
DA:109,0
DA:113,0
DA:117,0
DA:118,0
DA:120,0
DA:121,0
DA:128,0
DA:129,0
DA:130,0
DA:131,0
DA:134,0
DA:137,0
DA:139,0
DA:140,0
DA:144,0
DA:145,0
DA:147,0
DA:148,0
DA:151,0
DA:152,0
DA:158,0
DA:159,0
DA:161,0
DA:162,0
DA:163,0
DA:164,0
DA:165,0
DA:168,0
DA:169,0
DA:170,0
DA:172,0
DA:174,0
DA:175,0
DA:176,0
DA:179,0
DA:181,0
DA:186,0
DA:187,0
DA:188,0
DA:189,0
DA:193,0
DA:194,0
DA:196,0
DA:198,0
DA:199,0
DA:201,0
DA:208,0
DA:209,0
DA:211,0
DA:212,0
DA:214,0
DA:220,0
DA:221,0
DA:222,0
DA:223,0
DA:228,0
DA:229,0
DA:231,0
DA:232,0
DA:233,0
DA:234,0
DA:237,0
DA:238,0
DA:241,0
LF:112
LH:0
BRDA:31,0,0,0
BRDA:31,0,1,0
BRDA:40,1,0,0
BRDA:40,1,1,0
BRDA:40,2,0,0
BRDA:40,2,1,0
BRDA:43,3,0,0
BRDA:43,3,1,0
BRDA:83,4,0,0
BRDA:83,4,1,0
BRDA:99,5,0,0
BRDA:99,5,1,0
BRDA:99,6,0,0
BRDA:99,6,1,0
BRDA:118,7,0,0
BRDA:118,7,1,0
BRDA:118,8,0,0
BRDA:118,8,1,0
BRDA:128,9,0,0
BRDA:128,9,1,0
BRDA:145,10,0,0
BRDA:145,10,1,0
BRDA:162,11,0,0
BRDA:162,11,1,0
BRDA:162,12,0,0
BRDA:162,12,1,0
BRDA:163,13,0,0
BRDA:163,13,1,0
BRDA:170,14,0,0
BRDA:170,14,1,0
BRDA:170,15,0,0
BRDA:170,15,1,0
BRDA:172,16,0,0
BRDA:172,16,1,0
BRDA:174,17,0,0
BRDA:174,17,1,0
BRDA:188,18,0,0
BRDA:188,18,1,0
BRDA:194,19,0,0
BRDA:194,19,1,0
BRDA:194,20,0,0
BRDA:194,20,1,0
BRDA:194,20,2,0
BRDA:194,20,3,0
BRDA:208,21,0,0
BRDA:208,21,1,0
BRDA:221,22,0,0
BRDA:221,22,1,0
BRDA:229,23,0,0
BRDA:229,23,1,0
BRF:50
BRH:0
end_of_record
TN:
SF:src/hooks/useCountdown.ts
FN:13,(anonymous_0)
FN:27,(anonymous_1)
FN:31,(anonymous_2)
FN:35,(anonymous_3)
FN:51,(anonymous_4)
FN:58,(anonymous_5)
FN:64,(anonymous_6)
FNF:7
FNH:7
FNDA:55,(anonymous_0)
FNDA:156,(anonymous_1)
FNDA:19,(anonymous_2)
FNDA:10,(anonymous_3)
FNDA:12,(anonymous_4)
FNDA:35,(anonymous_5)
FNDA:9,(anonymous_6)
DA:13,1
DA:14,55
DA:21,52
DA:22,52
DA:23,52
DA:24,52
DA:26,52
DA:27,156
DA:31,1
DA:35,19
DA:36,10
DA:44,19
DA:46,19
DA:47,2
DA:48,2
DA:51,19
DA:52,12
DA:56,9
DA:58,9
DA:59,35
DA:60,35
DA:61,35
DA:64,9
DA:69,19
LF:24
LH:24
BRDA:14,0,0,3
BRDA:14,0,1,52
BRDA:36,1,0,8
BRDA:36,1,1,2
BRDA:46,2,0,2
BRDA:46,2,1,17
BRDA:48,3,0,1
BRDA:48,3,1,1
BRDA:52,4,0,3
BRDA:52,4,1,9
BRDA:52,5,0,12
BRDA:52,5,1,9
BRDA:61,6,0,1
BRDA:61,6,1,34
BRDA:69,7,0,15
BRDA:69,7,1,4
BRF:16
BRH:16
end_of_record
TN:
SF:src/hooks/useFaceFraming.ts
FN:111,preloadFaceFraming
FN:113,(anonymous_1)
FN:119,(anonymous_2)
FN:147,gradeFraming
FN:159,(anonymous_4)
FN:217,score
FN:229,isLowLight
FN:260,useFaceFraming
FN:275,(anonymous_8)
FN:308,(anonymous_9)
FN:368,(anonymous_10)
FN:380,(anonymous_11)
FN:425,(anonymous_12)
FNF:13
FNH:0
FNDA:0,preloadFaceFraming
FNDA:0,(anonymous_1)
FNDA:0,(anonymous_2)
FNDA:0,gradeFraming
FNDA:0,(anonymous_4)
FNDA:0,score
FNDA:0,isLowLight
FNDA:0,useFaceFraming
FNDA:0,(anonymous_8)
FNDA:0,(anonymous_9)
FNDA:0,(anonymous_10)
FNDA:0,(anonymous_11)
FNDA:0,(anonymous_12)
DA:22,0
DA:23,0
DA:24,0
DA:25,0
DA:32,0
DA:41,0
DA:42,0
DA:43,0
DA:44,0
DA:45,0
DA:49,0
DA:50,0
DA:51,0
DA:52,0
DA:53,0
DA:54,0
DA:55,0
DA:56,0
DA:57,0
DA:58,0
DA:59,0
DA:91,0
DA:103,0
DA:112,0
DA:113,0
DA:114,0
DA:115,0
DA:120,0
DA:124,0
DA:154,0
DA:159,0
DA:161,0
DA:162,0
DA:164,0
DA:165,0
DA:167,0
DA:171,0
DA:172,0
DA:173,0
DA:175,0
DA:176,0
DA:177,0
DA:181,0
DA:186,0
DA:193,0
DA:197,0
DA:202,0
DA:204,0
DA:206,0
DA:207,0
DA:209,0
DA:210,0
DA:213,0
DA:218,0
DA:234,0
DA:235,0
DA:236,0
DA:237,0
DA:239,0
DA:241,0
DA:242,0
DA:244,0
DA:245,0
DA:246,0
DA:248,0
DA:249,0
DA:250,0
DA:251,0
DA:254,0
DA:255,0
DA:257,0
DA:267,0
DA:268,0
DA:269,0
DA:272,0
DA:273,0
DA:275,0
DA:276,0
DA:277,0
DA:278,0
DA:279,0
DA:280,0
DA:281,0
DA:282,0
DA:288,0
DA:289,0
DA:290,0
DA:291,0
DA:292,0
DA:293,0
DA:294,0
DA:295,0
DA:296,0
DA:297,0
DA:301,0
DA:302,0
DA:303,0
DA:304,0
DA:306,0
DA:308,0
DA:309,0
DA:312,0
DA:313,0
DA:315,0
DA:316,0
DA:317,0
DA:320,0
DA:321,0
DA:325,0
DA:326,0
DA:334,0
DA:335,0
DA:336,0
DA:337,0
DA:339,0
DA:340,0
DA:341,0
DA:348,0
DA:349,0
DA:350,0
DA:352,0
DA:355,0
DA:359,0
DA:360,0
DA:362,0
DA:363,0
DA:364,0
DA:368,0
DA:369,0
DA:371,0
DA:372,0
DA:374,0
DA:377,0
DA:380,0
DA:381,0
DA:382,0
DA:383,0
DA:385,0
DA:403,0
DA:404,0
DA:405,0
DA:408,0
DA:409,0
DA:410,0
DA:412,0
DA:416,0
DA:417,0
DA:418,0
DA:425,0
DA:426,0
DA:427,0
DA:428,0
DA:429,0
DA:433,0
LF:154
LH:0
BRDA:112,0,0,0
BRDA:112,0,1,0
BRDA:154,1,0,0
BRDA:154,1,1,0
BRDA:154,2,0,0
BRDA:154,2,1,0
BRDA:154,2,2,0
BRDA:154,2,3,0
BRDA:159,3,0,0
BRDA:159,3,1,0
BRDA:161,4,0,0
BRDA:161,4,1,0
BRDA:162,5,0,0
BRDA:162,5,1,0
BRDA:165,6,0,0
BRDA:165,6,1,0
BRDA:193,7,0,0
BRDA:193,7,1,0
BRDA:197,8,0,0
BRDA:197,8,1,0
BRDA:197,8,2,0
BRDA:197,8,3,0
BRDA:202,9,0,0
BRDA:202,9,1,0
BRDA:204,10,0,0
BRDA:204,10,1,0
BRDA:209,11,0,0
BRDA:209,11,1,0
BRDA:209,12,0,0
BRDA:209,12,1,0
BRDA:218,13,0,0
BRDA:218,13,1,0
BRDA:239,14,0,0
BRDA:239,14,1,0
BRDA:239,15,0,0
BRDA:239,15,1,0
BRDA:257,16,0,0
BRDA:257,16,1,0
BRDA:276,17,0,0
BRDA:276,17,1,0
BRDA:312,18,0,0
BRDA:312,18,1,0
BRDA:312,19,0,0
BRDA:312,19,1,0
BRDA:312,19,2,0
BRDA:313,20,0,0
BRDA:313,20,1,0
BRDA:316,21,0,0
BRDA:316,21,1,0
BRDA:334,22,0,0
BRDA:334,22,1,0
BRDA:337,23,0,0
BRDA:337,23,1,0
BRDA:337,24,0,0
BRDA:337,24,1,0
BRDA:341,25,0,0
BRDA:341,25,1,0
BRDA:341,26,0,0
BRDA:341,26,1,0
BRDA:348,27,0,0
BRDA:348,27,1,0
BRDA:350,28,0,0
BRDA:350,28,1,0
BRDA:359,29,0,0
BRDA:359,29,1,0
BRDA:363,30,0,0
BRDA:363,30,1,0
BRDA:363,31,0,0
BRDA:363,31,1,0
BRDA:364,32,0,0
BRDA:364,32,1,0
BRDA:369,33,0,0
BRDA:369,33,1,0
BRDA:377,34,0,0
BRDA:377,34,1,0
BRDA:383,35,0,0
BRDA:383,35,1,0
BRDA:403,36,0,0
BRDA:403,36,1,0
BRDA:412,37,0,0
BRDA:412,37,1,0
BRDA:449,38,0,0
BRDA:449,38,1,0
BRF:83
BRH:0
end_of_record
TN:
SF:src/lib/apiError.ts
FN:11,apiErrorMessage
FN:21,errorText
FN:38,errorName
FNF:3
FNH:3
FNDA:12,apiErrorMessage
FNDA:15,errorText
FNDA:17,errorName
DA:12,12
DA:13,7
DA:14,7
DA:17,11
DA:22,15
DA:23,11
DA:24,9
DA:39,17
LF:8
LH:8
BRDA:12,0,0,7
BRDA:12,0,1,5
BRDA:14,1,0,1
BRDA:14,1,1,6
BRDA:14,2,0,7
BRDA:14,2,1,2
BRDA:22,3,0,4
BRDA:22,3,1,11
BRDA:22,4,0,4
BRDA:22,4,1,2
BRDA:22,4,2,0
BRDA:23,5,0,2
BRDA:23,5,1,9
BRDA:23,6,0,11
BRDA:23,6,1,3
BRDA:39,7,0,11
BRDA:39,7,1,6
BRF:17
BRH:16
end_of_record
TN:
SF:src/lib/cameraError.ts
FN:14,cameraErrorMessage
FNF:1
FNH:1
FNDA:17,cameraErrorMessage
DA:15,17
DA:19,4
DA:24,3
DA:30,2
DA:33,8
LF:5
LH:5
BRDA:15,0,0,2
BRDA:15,0,1,3
BRDA:15,0,2,4
BRDA:15,0,3,1
BRDA:15,0,4,2
BRDA:15,0,5,3
BRDA:15,0,6,1
BRDA:15,0,7,2
BRDA:15,0,8,8
BRF:9
BRH:9
end_of_record
TN:
SF:src/lib/genderClassifier.ts
FN:30,loadGenderClassifier
FN:32,(anonymous_1)
FN:55,(anonymous_2)
FN:72,classifyGender
FNF:4
FNH:0
FNDA:0,loadGenderClassifier
FNDA:0,(anonymous_1)
FNDA:0,(anonymous_2)
FNDA:0,classifyGender
DA:17,0
DA:24,0
DA:31,0
DA:32,0
DA:33,0
DA:37,0
DA:45,0
DA:46,0
DA:47,0
DA:48,0
DA:49,0
DA:51,0
DA:54,0
DA:58,0
DA:59,0
DA:60,0
DA:64,0
DA:73,0
DA:74,0
DA:76,0
DA:77,0
DA:82,0
DA:84,0
DA:88,0
DA:89,0
DA:90,0
DA:93,0
DA:95,0
DA:96,0
LF:29
LH:0
BRDA:31,0,0,0
BRDA:31,0,1,0
BRDA:82,1,0,0
BRDA:82,1,1,0
BRDA:84,2,0,0
BRDA:84,2,1,0
BRDA:88,3,0,0
BRDA:88,3,1,0
BRDA:88,4,0,0
BRDA:88,4,1,0
BRF:10
BRH:0
end_of_record
TN:
SF:src/lib/toast.ts
FN:16,useToast
FN:20,(anonymous_1)
FNF:2
FNH:0
FNDA:0,useToast
FNDA:0,(anonymous_1)
DA:14,0
DA:17,0
DA:20,0
LF:3
LH:0
BRDA:20,0,0,0
BRDA:20,0,1,0
BRF:2
BRH:0
end_of_record
TN:
SF:src/lib/utils.ts
FN:4,cn
FNF:1
FNH:1
FNDA:1042,cn
DA:5,1042
LF:1
LH:1
BRF:0
BRH:0
end_of_record
TN:
SF:src/services/client.ts
FN:14,(anonymous_0)
FNF:1
FNH:0
FNDA:0,(anonymous_0)
DA:4,0
DA:14,0
DA:15,0
DA:16,0
DA:17,0
DA:19,0
LF:6
LH:0
BRDA:9,0,0,0
BRDA:9,0,1,0
BRDA:16,1,0,0
BRDA:16,1,1,0
BRF:4
BRH:0
end_of_record
TN:
SF:src/services/session.ts
FN:36,initSession
FNF:1
FNH:0
FNDA:0,initSession
DA:37,0
DA:39,0
DA:41,0
DA:43,0
DA:44,0
DA:47,0
LF:6
LH:0
BRDA:43,0,0,0
BRDA:43,0,1,0
BRF:2
BRH:0
end_of_record
TN:
SF:src/services/socketService.ts
FN:8,constructor
FN:10,getInstance
FN:17,connect
FN:39,(anonymous_3)
FN:55,(anonymous_4)
FN:60,disconnect
FN:67,getSocket
FNF:7
FNH:6
FNDA:1,constructor
FNDA:1,getInstance
FNDA:11,connect
FNDA:2,(anonymous_3)
FNDA:0,(anonymous_4)
FNDA:12,disconnect
FNDA:1,getSocket
DA:6,1
DA:11,1
DA:12,1
DA:14,1
DA:30,11
DA:32,9
DA:40,2
DA:55,9
DA:57,9
DA:61,12
DA:62,9
DA:63,9
DA:68,1
DA:72,1
LF:14
LH:14
BRDA:11,0,0,1
BRDA:11,0,1,0
BRDA:30,1,0,2
BRDA:30,1,1,9
BRDA:40,2,0,2
BRDA:40,2,1,1
BRDA:61,3,0,9
BRDA:61,3,1,3
BRF:8
BRH:7
end_of_record
TN:
SF:src/utils/auth.ts
FN:25,getSessionToken
FN:33,setSessionToken
FN:44,clearSessionToken
FNF:3
FNH:3
FNDA:10,getSessionToken
FNDA:9,setSessionToken
FNDA:16,clearSessionToken
DA:1,1
DA:23,1
DA:26,10
DA:27,10
DA:29,4
DA:35,9
DA:37,9
DA:38,9
DA:45,16
DA:47,16
DA:48,16
LF:11
LH:11
BRDA:27,0,0,10
BRDA:27,0,1,3
BRF:2
BRH:2
end_of_record
TN:
SF:src/utils/crypto.ts
FN:8,generateKeyPair
FN:20,exportKey
FN:25,importKey
FN:44,deriveSharedKey
FN:64,encryptMessage
FN:104,decryptMessage
FN:132,arrayBufferToBase64
FN:142,base64ToArrayBuffer
FNF:8
FNH:8
FNDA:40,generateKeyPair
FNDA:41,exportKey
FNDA:40,importKey
FNDA:39,deriveSharedKey
FNDA:14,encryptMessage
FNDA:16,decryptMessage
FNDA:28,arrayBufferToBase64
FNDA:30,base64ToArrayBuffer
DA:9,40
DA:21,41
DA:27,40
DA:28,40
DA:29,40
DA:31,40
DA:48,39
DA:68,14
DA:69,14
DA:72,14
DA:74,14
DA:83,14
DA:109,16
DA:110,16
DA:111,16
DA:115,16
DA:124,5
DA:125,5
DA:127,11
DA:133,28
DA:134,28
DA:135,28
DA:136,28
DA:137,4485
DA:139,28
DA:143,30
DA:144,30
DA:145,30
DA:146,30
DA:147,4344
DA:149,27
LF:31
LH:31
BRF:0
BRH:0
end_of_record
